<?xml version="1.0" encoding="UTF-8"?>
<robot generator="Robot 5.0 (Python 3.10.4 on win32)" generated="20220415 16:14:46.003" rpa="false" schemaversion="3">
<suite id="s1" name="TC 029 Setup Teardown" source="C:\Users\Asus\workspace_python\robot_framework_udemy\TestCases\TC_029_Setup_Teardown.robot">
<test id="s1-t1" name="Setup and Teardown exercise 1" line="16">
<kw name="Start Browser and Maximize" library="Keyword_Without_Arg" type="SETUP">
<kw name="Open Browser" library="SeleniumLibrary">
<arg>${URL1}</arg>
<arg>${Browser}</arg>
<doc>Opens a new browser instance to the optional ``url``.</doc>
<msg timestamp="20220415 16:14:46.253" level="INFO">Opening browser 'Chrome' to base url 'https://thetestingworld.com/testings/'.</msg>
<status status="PASS" starttime="20220415 16:14:46.253" endtime="20220415 16:14:48.912"/>
</kw>
<kw name="Maximize Browser Window" library="SeleniumLibrary">
<doc>Maximizes current browser window.</doc>
<status status="PASS" starttime="20220415 16:14:48.912" endtime="20220415 16:14:49.036"/>
</kw>
<status status="PASS" starttime="20220415 16:14:46.253" endtime="20220415 16:14:49.036"/>
</kw>
<kw name="Input Text" library="SeleniumLibrary">
<arg>name:fld_username</arg>
<arg>jahid</arg>
<doc>Types the given ``text`` into the text field identified by ``locator``.</doc>
<msg timestamp="20220415 16:14:49.036" level="INFO">Typing text 'jahid' into text field 'name:fld_username'.</msg>
<status status="PASS" starttime="20220415 16:14:49.036" endtime="20220415 16:14:49.148"/>
</kw>
<kw name="Input Text" library="SeleniumLibrary">
<arg>name:fld_email</arg>
<arg>jahid@gmail.com</arg>
<doc>Types the given ``text`` into the text field identified by ``locator``.</doc>
<msg timestamp="20220415 16:14:49.149" level="INFO">Typing text 'jahid@gmail.com' into text field 'name:fld_email'.</msg>
<status status="PASS" starttime="20220415 16:14:49.149" endtime="20220415 16:14:49.248"/>
</kw>
<kw name="Input Text" library="SeleniumLibrary">
<arg>name:fld_password</arg>
<arg>12345</arg>
<doc>Types the given ``text`` into the text field identified by ``locator``.</doc>
<msg timestamp="20220415 16:14:49.249" level="INFO">Typing text '12345' into text field 'name:fld_password'.</msg>
<status status="PASS" starttime="20220415 16:14:49.249" endtime="20220415 16:14:49.331"/>
</kw>
<kw name="Close Browser Window" library="Keyword_Without_Arg" type="TEARDOWN">
<kw name="Get Title" library="SeleniumLibrary">
<var>${Title}</var>
<doc>Returns the title of the current page.</doc>
<msg timestamp="20220415 16:14:49.336" level="INFO">${Title} = Login &amp; Sign Up Forms</msg>
<status status="PASS" starttime="20220415 16:14:49.331" endtime="20220415 16:14:49.336"/>
</kw>
<kw name="Log" library="BuiltIn">
<arg>${Title}</arg>
<doc>Logs the given message with the given level.</doc>
<msg timestamp="20220415 16:14:49.336" level="INFO">Login &amp; Sign Up Forms</msg>
<status status="PASS" starttime="20220415 16:14:49.336" endtime="20220415 16:14:49.336"/>
</kw>
<kw name="Close Browser" library="SeleniumLibrary">
<doc>Closes the current browser.</doc>
<status status="PASS" starttime="20220415 16:14:49.336" endtime="20220415 16:14:51.490"/>
</kw>
<status status="PASS" starttime="20220415 16:14:49.331" endtime="20220415 16:14:51.490"/>
</kw>
<tag>ALL_TC</tag>
<tag>Smoke</tag>
<status status="PASS" starttime="20220415 16:14:46.253" endtime="20220415 16:14:51.490"/>
</test>
<test id="s1-t2" name="Setup and Teardown exercise 2" line="24">
<kw name="Start Browser and Maximize" library="Keyword_Without_Arg" type="SETUP">
<kw name="Open Browser" library="SeleniumLibrary">
<arg>${URL1}</arg>
<arg>${Browser}</arg>
<doc>Opens a new browser instance to the optional ``url``.</doc>
<msg timestamp="20220415 16:14:51.490" level="INFO">Opening browser 'Chrome' to base url 'https://thetestingworld.com/testings/'.</msg>
<status status="PASS" starttime="20220415 16:14:51.490" endtime="20220415 16:14:54.256"/>
</kw>
<kw name="Maximize Browser Window" library="SeleniumLibrary">
<doc>Maximizes current browser window.</doc>
<status status="PASS" starttime="20220415 16:14:54.256" endtime="20220415 16:14:54.388"/>
</kw>
<status status="PASS" starttime="20220415 16:14:51.490" endtime="20220415 16:14:54.388"/>
</kw>
<kw name="Select Radio Button" library="SeleniumLibrary">
<arg>add_type</arg>
<arg>office</arg>
<doc>Sets the radio button group ``group_name`` to ``value``.</doc>
<msg timestamp="20220415 16:14:54.388" level="INFO">Selecting 'office' from radio button 'add_type'.</msg>
<status status="PASS" starttime="20220415 16:14:54.388" endtime="20220415 16:14:54.460"/>
</kw>
<kw name="Close Browser Window" library="Keyword_Without_Arg" type="TEARDOWN">
<kw name="Get Title" library="SeleniumLibrary">
<var>${Title}</var>
<doc>Returns the title of the current page.</doc>
<msg timestamp="20220415 16:14:54.473" level="INFO">${Title} = Login &amp; Sign Up Forms</msg>
<status status="PASS" starttime="20220415 16:14:54.464" endtime="20220415 16:14:54.473"/>
</kw>
<kw name="Log" library="BuiltIn">
<arg>${Title}</arg>
<doc>Logs the given message with the given level.</doc>
<msg timestamp="20220415 16:14:54.473" level="INFO">Login &amp; Sign Up Forms</msg>
<status status="PASS" starttime="20220415 16:14:54.473" endtime="20220415 16:14:54.473"/>
</kw>
<kw name="Close Browser" library="SeleniumLibrary">
<doc>Closes the current browser.</doc>
<status status="PASS" starttime="20220415 16:14:54.473" endtime="20220415 16:14:56.609"/>
</kw>
<status status="PASS" starttime="20220415 16:14:54.461" endtime="20220415 16:14:56.609"/>
</kw>
<tag>ALL_TC</tag>
<tag>Sanity</tag>
<tag>Smoke</tag>
<status status="PASS" starttime="20220415 16:14:51.490" endtime="20220415 16:14:56.609"/>
</test>
<test id="s1-t3" name="Setup and Teardown exercise 3" line="30">
<kw name="Start Browser and Maximize" library="Keyword_Without_Arg" type="SETUP">
<kw name="Open Browser" library="SeleniumLibrary">
<arg>${URL1}</arg>
<arg>${Browser}</arg>
<doc>Opens a new browser instance to the optional ``url``.</doc>
<msg timestamp="20220415 16:14:56.609" level="INFO">Opening browser 'Chrome' to base url 'https://thetestingworld.com/testings/'.</msg>
<status status="PASS" starttime="20220415 16:14:56.609" endtime="20220415 16:14:59.389"/>
</kw>
<kw name="Maximize Browser Window" library="SeleniumLibrary">
<doc>Maximizes current browser window.</doc>
<status status="PASS" starttime="20220415 16:14:59.389" endtime="20220415 16:14:59.524"/>
</kw>
<status status="PASS" starttime="20220415 16:14:56.609" endtime="20220415 16:14:59.524"/>
</kw>
<kw name="Select Radio Button" library="SeleniumLibrary">
<arg>add_type</arg>
<arg>office</arg>
<doc>Sets the radio button group ``group_name`` to ``value``.</doc>
<msg timestamp="20220415 16:14:59.524" level="INFO">Selecting 'office' from radio button 'add_type'.</msg>
<status status="PASS" starttime="20220415 16:14:59.524" endtime="20220415 16:14:59.636"/>
</kw>
<kw name="Close Browser Window" library="Keyword_Without_Arg" type="TEARDOWN">
<kw name="Get Title" library="SeleniumLibrary">
<var>${Title}</var>
<doc>Returns the title of the current page.</doc>
<msg timestamp="20220415 16:14:59.641" level="INFO">${Title} = Login &amp; Sign Up Forms</msg>
<status status="PASS" starttime="20220415 16:14:59.637" endtime="20220415 16:14:59.641"/>
</kw>
<kw name="Log" library="BuiltIn">
<arg>${Title}</arg>
<doc>Logs the given message with the given level.</doc>
<msg timestamp="20220415 16:14:59.641" level="INFO">Login &amp; Sign Up Forms</msg>
<status status="PASS" starttime="20220415 16:14:59.641" endtime="20220415 16:14:59.641"/>
</kw>
<kw name="Close Browser" library="SeleniumLibrary">
<doc>Closes the current browser.</doc>
<status status="PASS" starttime="20220415 16:14:59.641" endtime="20220415 16:15:01.791"/>
</kw>
<status status="PASS" starttime="20220415 16:14:59.636" endtime="20220415 16:15:01.791"/>
</kw>
<doc>This will be executed as default tag</doc>
<tag>ALL_TC</tag>
<tag>DFLT</tag>
<status status="PASS" starttime="20220415 16:14:56.609" endtime="20220415 16:15:01.791"/>
</test>
<doc>This is a test documentation which will show in suite level</doc>
<status status="PASS" starttime="20220415 16:14:46.018" endtime="20220415 16:15:01.791"/>
</suite>
<statistics>
<total>
<stat pass="3" fail="0" skip="0">All Tests</stat>
</total>
<tag>
<stat pass="3" fail="0" skip="0">ALL_TC</stat>
<stat pass="1" fail="0" skip="0">DFLT</stat>
<stat pass="1" fail="0" skip="0">Sanity</stat>
<stat pass="2" fail="0" skip="0">Smoke</stat>
</tag>
<suite>
<stat pass="3" fail="0" skip="0" id="s1" name="TC 029 Setup Teardown">TC 029 Setup Teardown</stat>
</suite>
</statistics>
<errors>
</errors>
</robot>
