<?xml version="1.0" encoding="UTF-8"?>
<robot generator="Robot 5.0 (Python 3.10.4 on win32)" generated="20220415 21:27:40.770" rpa="false" schemaversion="3">
<suite id="s1" name="TC 036 External Keywords" source="C:\Users\Asus\workspace_python\robot_framework_udemy\TestCases\KeywordsWithPython\TC_036_External_Keywords.robot">
<test id="s1-t1" name="Robot Fetch Data" line="10">
<kw name="Concatenate Username and Password" library="External_Keyword_With_Return_Value">
<arg>Testing</arg>
<arg>World</arg>
<kw name="Concatenate Two Values" library="user_keywords">
<var>${result}</var>
<arg>${username}</arg>
<arg>${password}</arg>
<msg timestamp="20220415 21:27:41.030" level="INFO">${result} = TestingWorld</msg>
<status status="PASS" starttime="20220415 21:27:41.030" endtime="20220415 21:27:41.030"/>
</kw>
<kw name="Log" library="BuiltIn">
<arg>${result}</arg>
<doc>Logs the given message with the given level.</doc>
<msg timestamp="20220415 21:27:41.030" level="INFO">TestingWorld</msg>
<status status="PASS" starttime="20220415 21:27:41.030" endtime="20220415 21:27:41.030"/>
</kw>
<status status="PASS" starttime="20220415 21:27:41.030" endtime="20220415 21:27:41.030"/>
</kw>
<kw name="Open Browser" library="SeleniumLibrary">
<arg>${URL}</arg>
<arg>${Browser}</arg>
<doc>Opens a new browser instance to the optional ``url``.</doc>
<msg timestamp="20220415 21:27:41.039" level="INFO">Opening browser 'Chrome' to base url 'http://www.thetestingworld.com/testings'.</msg>
<status status="PASS" starttime="20220415 21:27:41.039" endtime="20220415 21:27:45.136"/>
</kw>
<kw name="Maximize Browser Window" library="SeleniumLibrary">
<doc>Maximizes current browser window.</doc>
<status status="PASS" starttime="20220415 21:27:45.137" endtime="20220415 21:27:45.264"/>
</kw>
<kw name="Close Browser" library="SeleniumLibrary">
<doc>Closes the current browser.</doc>
<status status="PASS" starttime="20220415 21:27:45.265" endtime="20220415 21:27:47.490"/>
</kw>
<status status="PASS" starttime="20220415 21:27:41.030" endtime="20220415 21:27:47.490"/>
</test>
<status status="PASS" starttime="20220415 21:27:40.770" endtime="20220415 21:27:47.490"/>
</suite>
<statistics>
<total>
<stat pass="1" fail="0" skip="0">All Tests</stat>
</total>
<tag>
</tag>
<suite>
<stat pass="1" fail="0" skip="0" id="s1" name="TC 036 External Keywords">TC 036 External Keywords</stat>
</suite>
</statistics>
<errors>
</errors>
</robot>
