<?xml version="1.0" encoding="UTF-8"?>
<robot generator="Robot 5.0 (Python 3.10.4 on win32)" generated="20220416 01:23:59.080" rpa="false" schemaversion="3">
<suite id="s1" name="TC 040 Record" source="C:\Users\Asus\workspace_python\robot_framework_udemy\TestCases\JsonHandler\TC_040_Record.robot">
<test id="s1-t1" name="Login &amp; Sign Up Forms test" line="11">
<kw name="Open Browser" library="SeleniumLibrary">
<arg>https://thetestingworld.com/testings/</arg>
<arg>Chrome</arg>
<doc>Opens a new browser instance to the optional ``url``.</doc>
<msg timestamp="20220416 01:23:59.322" level="INFO">Opening browser 'Chrome' to base url 'https://thetestingworld.com/testings/'.</msg>
<status status="PASS" starttime="20220416 01:23:59.321" endtime="20220416 01:24:02.031"/>
</kw>
<kw name="Input Text" library="SeleniumLibrary">
<arg>//input[@name="fld_username"]</arg>
<arg>Jahidul</arg>
<doc>Types the given ``text`` into the text field identified by ``locator``.</doc>
<msg timestamp="20220416 01:24:02.032" level="INFO">Typing text 'Jahidul' into text field '//input[@name="fld_username"]'.</msg>
<status status="PASS" starttime="20220416 01:24:02.032" endtime="20220416 01:24:02.134"/>
</kw>
<kw name="Input Text" library="SeleniumLibrary">
<arg>//input[@name="fld_email"]</arg>
<arg>jahid@gmail.com</arg>
<doc>Types the given ``text`` into the text field identified by ``locator``.</doc>
<msg timestamp="20220416 01:24:02.134" level="INFO">Typing text 'jahid@gmail.com' into text field '//input[@name="fld_email"]'.</msg>
<status status="PASS" starttime="20220416 01:24:02.134" endtime="20220416 01:24:02.215"/>
</kw>
<kw name="Input Text" library="SeleniumLibrary">
<arg>//input[@name="fld_password"]</arg>
<arg>***</arg>
<doc>Types the given ``text`` into the text field identified by ``locator``.</doc>
<msg timestamp="20220416 01:24:02.215" level="INFO">Typing text '***' into text field '//input[@name="fld_password"]'.</msg>
<status status="PASS" starttime="20220416 01:24:02.215" endtime="20220416 01:24:02.294"/>
</kw>
<kw name="Input Text" library="SeleniumLibrary">
<arg>//input[@name="fld_cpassword"]</arg>
<arg>***</arg>
<doc>Types the given ``text`` into the text field identified by ``locator``.</doc>
<msg timestamp="20220416 01:24:02.294" level="INFO">Typing text '***' into text field '//input[@name="fld_cpassword"]'.</msg>
<status status="PASS" starttime="20220416 01:24:02.294" endtime="20220416 01:24:02.372"/>
</kw>
<kw name="Click Element" library="SeleniumLibrary">
<arg>id:datepicker</arg>
<doc>Click the element identified by ``locator``.</doc>
<msg timestamp="20220416 01:24:02.373" level="INFO">Clicking element 'id:datepicker'.</msg>
<status status="PASS" starttime="20220416 01:24:02.372" endtime="20220416 01:24:02.443"/>
</kw>
<kw name="Click Link" library="SeleniumLibrary">
<arg>xpath=(//a[@href="#"])[8]</arg>
<doc>Clicks a link identified by ``locator``.</doc>
<msg timestamp="20220416 01:24:02.444" level="INFO">Clicking link 'xpath=(//a[@href="#"])[8]'.</msg>
<status status="PASS" starttime="20220416 01:24:02.444" endtime="20220416 01:24:02.499"/>
</kw>
<kw name="Input Text" library="SeleniumLibrary">
<arg>//input[@name="phone"]</arg>
<arg>1234567890</arg>
<doc>Types the given ``text`` into the text field identified by ``locator``.</doc>
<msg timestamp="20220416 01:24:02.500" level="INFO">Typing text '1234567890' into text field '//input[@name="phone"]'.</msg>
<status status="PASS" starttime="20220416 01:24:02.499" endtime="20220416 01:24:02.593"/>
</kw>
<kw name="Input Text" library="SeleniumLibrary">
<arg>//input[@name="address"]</arg>
<arg>Canada</arg>
<doc>Types the given ``text`` into the text field identified by ``locator``.</doc>
<msg timestamp="20220416 01:24:02.594" level="INFO">Typing text 'Canada' into text field '//input[@name="address"]'.</msg>
<status status="PASS" starttime="20220416 01:24:02.593" endtime="20220416 01:24:02.680"/>
</kw>
<kw name="Click Element" library="SeleniumLibrary">
<arg>xpath=(//input[@name="add_type"])[2]</arg>
<doc>Click the element identified by ``locator``.</doc>
<msg timestamp="20220416 01:24:02.681" level="INFO">Clicking element 'xpath=(//input[@name="add_type"])[2]'.</msg>
<status status="PASS" starttime="20220416 01:24:02.681" endtime="20220416 01:24:02.734"/>
</kw>
<kw name="Select From List By Value" library="SeleniumLibrary">
<arg>//select[@name="sex"]</arg>
<arg>1</arg>
<doc>Selects options from selection list ``locator`` by ``values``.</doc>
<msg timestamp="20220416 01:24:02.735" level="INFO">Selecting options from selection list '//select[@name="sex"]' by value 1.</msg>
<status status="PASS" starttime="20220416 01:24:02.735" endtime="20220416 01:24:02.809"/>
</kw>
<kw name="Select From List By Value" library="SeleniumLibrary">
<arg>//select[@name="country"]</arg>
<arg>18</arg>
<doc>Selects options from selection list ``locator`` by ``values``.</doc>
<msg timestamp="20220416 01:24:02.811" level="INFO">Selecting options from selection list '//select[@name="country"]' by value 18.</msg>
<status status="PASS" starttime="20220416 01:24:02.810" endtime="20220416 01:24:02.891"/>
</kw>
<kw name="Input Text" library="SeleniumLibrary">
<arg>//input[@name="zip"]</arg>
<arg>12345</arg>
<doc>Types the given ``text`` into the text field identified by ``locator``.</doc>
<msg timestamp="20220416 01:24:02.892" level="INFO">Typing text '12345' into text field '//input[@name="zip"]'.</msg>
<status status="PASS" starttime="20220416 01:24:02.892" endtime="20220416 01:24:02.967"/>
</kw>
<kw name="Click Element" library="SeleniumLibrary">
<arg>//input[@name="terms"]</arg>
<doc>Click the element identified by ``locator``.</doc>
<msg timestamp="20220416 01:24:02.968" level="INFO">Clicking element '//input[@name="terms"]'.</msg>
<status status="PASS" starttime="20220416 01:24:02.968" endtime="20220416 01:24:03.013"/>
</kw>
<kw name="Close Browser" library="SeleniumLibrary">
<doc>Closes the current browser.</doc>
<status status="PASS" starttime="20220416 01:24:03.013" endtime="20220416 01:24:05.154"/>
</kw>
<status status="PASS" starttime="20220416 01:23:59.321" endtime="20220416 01:24:05.155"/>
</test>
<doc>A test suite with a single test for Login &amp; Sign Up Forms
Created by hats' Robotcorder</doc>
<status status="PASS" starttime="20220416 01:23:59.082" endtime="20220416 01:24:05.156"/>
</suite>
<statistics>
<total>
<stat pass="1" fail="0" skip="0">All Tests</stat>
</total>
<tag>
</tag>
<suite>
<stat pass="1" fail="0" skip="0" id="s1" name="TC 040 Record">TC 040 Record</stat>
</suite>
</statistics>
<errors>
</errors>
</robot>
